2023-03-04 21:14:17,731:INFO:PyCaret Supervised Module
2023-03-04 21:14:17,731:INFO:ML Usecase: regression
2023-03-04 21:14:17,731:INFO:version 2.3.10
2023-03-04 21:14:17,731:INFO:Initializing setup()
2023-03-04 21:14:17,731:INFO:setup(target=synargi, ml_usecase=regression, available_plots={'parameter': 'Hyperparameters', 'residuals': 'Residuals', 'error': 'Prediction Error', 'cooks': 'Cooks Distance', 'rfe': 'Feature Selection', 'learning': 'Learning Curve', 'manifold': 'Manifold Learning', 'vc': 'Validation Curve', 'feature': 'Feature Importance', 'feature_all': 'Feature Importance (All)', 'tree': 'Decision Tree', 'residuals_interactive': 'Interactive Residuals'}, train_size=0.7, test_data=None, preprocess=True, imputation_type=simple, iterative_imputation_iters=5, categorical_features=None, categorical_imputation=constant, categorical_iterative_imputer=lightgbm, ordinal_features=None, high_cardinality_features=None, high_cardinality_method=frequency, numeric_features=None, numeric_imputation=mean, numeric_iterative_imputer=lightgbm, date_features=None, ignore_features=None, normalize=False, normalize_method=zscore, transformation=False, transformation_method=yeo-johnson, handle_unknown_categorical=True, unknown_categorical_method=least_frequent, pca=False, pca_method=linear, pca_components=None, ignore_low_variance=False, combine_rare_levels=False, rare_level_threshold=0.1, bin_numeric_features=None, remove_outliers=False, outliers_threshold=0.05, remove_multicollinearity=False, multicollinearity_threshold=0.9, remove_perfect_collinearity=True, create_clusters=False, cluster_iter=20, polynomial_features=False, polynomial_degree=2, trigonometry_features=False, polynomial_threshold=0.1, group_features=None, group_names=None, feature_selection=False, feature_selection_threshold=0.8, feature_selection_method=classic, feature_interaction=False, feature_ratio=False, interaction_threshold=0.01, fix_imbalance=False, fix_imbalance_method=None, transform_target=False, transform_target_method=box-cox, data_split_shuffle=True, data_split_stratify=False, fold_strategy=kfold, fold=10, fold_shuffle=False, fold_groups=None, n_jobs=-1, use_gpu=False, custom_pipeline=None, html=True, session_id=None, log_experiment=False, experiment_name=None, experiment_custom_tags=None, log_plots=False, log_profile=False, log_data=False, silent=False, verbose=True, profile=False, profile_kwargs=None, display=None)
2023-03-04 21:14:17,731:INFO:Checking environment
2023-03-04 21:14:17,732:INFO:python_version: 3.8.12
2023-03-04 21:14:17,732:INFO:python_build: ('default', 'Jan 30 2022 23:53:36')
2023-03-04 21:14:17,732:INFO:machine: x86_64
2023-03-04 21:14:17,732:INFO:platform: Linux-3.10.0-1062.el7.x86_64-x86_64-with-glibc2.10
2023-03-04 21:14:17,732:INFO:Memory: svmem(total=270458781696, available=242217259008, percent=10.4, used=22127054848, free=240633749504, active=20620001280, inactive=3251863552, buffers=6533120, cached=7691444224, shared=4627263488, slab=979181568)
2023-03-04 21:14:17,734:INFO:Physical Core: 28
2023-03-04 21:14:17,734:INFO:Logical Core: 56
2023-03-04 21:14:17,735:INFO:Checking libraries
2023-03-04 21:14:17,735:INFO:pd==1.5.3
2023-03-04 21:14:17,735:INFO:numpy==1.23.5
2023-03-04 21:14:17,735:INFO:sklearn==0.23.2
2023-03-04 21:14:17,735:INFO:lightgbm==3.3.5
2023-03-04 21:14:17,735:WARNING:catboost not found
2023-03-04 21:14:17,735:WARNING:xgboost not found
2023-03-04 21:14:17,735:INFO:mlflow==2.2.1
2023-03-04 21:14:17,735:INFO:Checking Exceptions
2023-03-04 21:14:17,735:INFO:Declaring global variables
2023-03-04 21:14:17,735:INFO:USI: 7275
2023-03-04 21:14:17,736:INFO:pycaret_globals: {'fold_generator', 'X_test', 'log_plots_param', 'pycaret_globals', 'n_jobs_param', 'X', 'create_model_container', 'fix_imbalance_param', 'iterative_imputation_iters_param', 'logging_param', '_internal_pipeline', 'USI', 'seed', 'exp_name_log', 'fold_groups_param', 'html_param', '_ml_usecase', 'target_param', 'fold_shuffle_param', 'stratify_param', '_gpu_n_jobs_param', 'fold_groups_param_full', 'imputation_classifier', '_all_models_internal', 'gpu_param', 'experiment__', 'dashboard_logger', '_all_models', 'X_train', 'imputation_regressor', 'prep_pipe', '_available_plots', 'data_before_preprocess', 'fold_param', 'y_test', 'y', 'fix_imbalance_method_param', 'transform_target_param', 'y_train', 'master_model_container', 'transform_target_method_param', 'display_container', '_all_metrics'}
2023-03-04 21:14:17,737:INFO:Preparing display monitor
2023-03-04 21:14:17,737:INFO:Preparing display monitor
2023-03-04 21:14:17,772:INFO:Importing libraries
2023-03-04 21:14:17,773:INFO:Copying data for preprocessing
2023-03-04 21:14:17,937:INFO:Declaring preprocessing parameters
2023-03-04 21:14:18,128:INFO:Creating preprocessing pipeline
2023-03-04 21:14:20,762:INFO:Preprocessing pipeline created successfully
2023-03-04 21:14:20,763:ERROR:(Process Exit): setup has been interupted with user command 'quit'. setup must rerun.
2023-03-04 21:14:20,763:INFO:Creating global containers
2023-03-04 21:14:20,778:INFO:Internal pipeline: Pipeline(memory=None, steps=[('empty_step', 'passthrough')], verbose=False)
2023-03-04 21:14:44,694:WARNING:Couldn't import xgboost.XGBRegressor
2023-03-04 21:14:44,695:WARNING:Couldn't import catboost.CatBoostRegressor
2023-03-04 21:14:44,794:WARNING:Couldn't import xgboost.XGBRegressor
2023-03-04 21:14:44,794:WARNING:Couldn't import catboost.CatBoostRegressor
2023-03-04 21:14:44,795:INFO:Creating grid variables
2023-03-04 21:14:44,853:INFO:create_model_container: 0
2023-03-04 21:14:44,853:INFO:master_model_container: 0
2023-03-04 21:14:44,854:INFO:display_container: 1
2023-03-04 21:14:44,858:INFO:Pipeline(memory=None,
         steps=[('dtypes',
                 DataTypes_Auto_infer(categorical_features=[],
                                      display_types=True, features_todrop=[],
                                      id_columns=[], ml_usecase='regression',
                                      numerical_features=[], target='synargi',
                                      time_features=[])),
                ('imputer',
                 Simple_Imputer(categorical_strategy='not_available',
                                fill_value_categorical=None,
                                fill_value_numerical=None,
                                numeric_strategy...
                ('scaling', 'passthrough'), ('P_transform', 'passthrough'),
                ('binn', 'passthrough'), ('rem_outliers', 'passthrough'),
                ('cluster_all', 'passthrough'),
                ('dummy', Dummify(target='synargi')),
                ('fix_perfect', Remove_100(target='synargi')),
                ('clean_names', Clean_Colum_Names()),
                ('feature_select', 'passthrough'), ('fix_multi', 'passthrough'),
                ('dfs', 'passthrough'), ('pca', 'passthrough')],
         verbose=False)
2023-03-04 21:14:44,858:INFO:setup() succesfully completed......................................
2023-03-04 21:14:45,062:INFO:Initializing compare_models()
2023-03-04 21:14:45,062:INFO:compare_models(include=['xgboost'], fold=None, round=4, cross_validation=True, sort=R2, n_select=1, budget_time=None, turbo=True, errors=ignore, fit_kwargs=None, groups=None, experiment_custom_tags=None, probability_threshold=None, verbose=True, display=None, exclude=None)
2023-03-04 21:14:45,062:INFO:Checking exceptions
2023-03-04 21:17:58,850:INFO:gpu_param set to False
2023-03-04 21:17:59,002:WARNING:Couldn't import xgboost.XGBRegressor
2023-03-04 21:17:59,003:WARNING:Couldn't import catboost.CatBoostRegressor
2023-03-04 21:20:08,683:INFO:PyCaret Supervised Module
2023-03-04 21:20:08,699:INFO:ML Usecase: regression
2023-03-04 21:20:08,699:INFO:version 2.3.10
2023-03-04 21:20:08,699:INFO:Initializing setup()
2023-03-04 21:20:08,699:INFO:setup(target=synargi, ml_usecase=regression, available_plots={'parameter': 'Hyperparameters', 'residuals': 'Residuals', 'error': 'Prediction Error', 'cooks': 'Cooks Distance', 'rfe': 'Feature Selection', 'learning': 'Learning Curve', 'manifold': 'Manifold Learning', 'vc': 'Validation Curve', 'feature': 'Feature Importance', 'feature_all': 'Feature Importance (All)', 'tree': 'Decision Tree', 'residuals_interactive': 'Interactive Residuals'}, train_size=0.7, test_data=None, preprocess=True, imputation_type=simple, iterative_imputation_iters=5, categorical_features=None, categorical_imputation=constant, categorical_iterative_imputer=lightgbm, ordinal_features=None, high_cardinality_features=None, high_cardinality_method=frequency, numeric_features=None, numeric_imputation=mean, numeric_iterative_imputer=lightgbm, date_features=None, ignore_features=None, normalize=False, normalize_method=zscore, transformation=False, transformation_method=yeo-johnson, handle_unknown_categorical=True, unknown_categorical_method=least_frequent, pca=False, pca_method=linear, pca_components=None, ignore_low_variance=False, combine_rare_levels=False, rare_level_threshold=0.1, bin_numeric_features=None, remove_outliers=False, outliers_threshold=0.05, remove_multicollinearity=False, multicollinearity_threshold=0.9, remove_perfect_collinearity=True, create_clusters=False, cluster_iter=20, polynomial_features=False, polynomial_degree=2, trigonometry_features=False, polynomial_threshold=0.1, group_features=None, group_names=None, feature_selection=False, feature_selection_threshold=0.8, feature_selection_method=classic, feature_interaction=False, feature_ratio=False, interaction_threshold=0.01, fix_imbalance=False, fix_imbalance_method=None, transform_target=False, transform_target_method=box-cox, data_split_shuffle=True, data_split_stratify=False, fold_strategy=kfold, fold=10, fold_shuffle=False, fold_groups=None, n_jobs=-1, use_gpu=False, custom_pipeline=None, html=True, session_id=None, log_experiment=False, experiment_name=None, experiment_custom_tags=None, log_plots=False, log_profile=False, log_data=False, silent=False, verbose=True, profile=False, profile_kwargs=None, display=None)
2023-03-04 21:20:08,699:INFO:Checking environment
2023-03-04 21:20:08,699:INFO:python_version: 3.8.12
2023-03-04 21:20:08,700:INFO:python_build: ('default', 'Jan 30 2022 23:53:36')
2023-03-04 21:20:08,700:INFO:machine: x86_64
2023-03-04 21:20:08,700:INFO:platform: Linux-3.10.0-1062.el7.x86_64-x86_64-with-glibc2.10
2023-03-04 21:20:08,700:INFO:Memory: svmem(total=270458781696, available=241288986624, percent=10.8, used=23055179776, free=239699546112, active=21543206912, inactive=3255349248, buffers=6533120, cached=7697522688, shared=4627304448, slab=977940480)
2023-03-04 21:20:08,705:INFO:Physical Core: 28
2023-03-04 21:20:08,706:INFO:Logical Core: 56
2023-03-04 21:20:08,706:INFO:Checking libraries
2023-03-04 21:20:08,706:INFO:pd==1.5.3
2023-03-04 21:20:08,706:INFO:numpy==1.23.5
2023-03-04 21:20:08,706:INFO:sklearn==0.23.2
2023-03-04 21:20:08,706:INFO:lightgbm==3.3.5
2023-03-04 21:20:08,736:WARNING:catboost not found
2023-03-04 21:20:08,737:WARNING:xgboost not found
2023-03-04 21:20:08,737:INFO:mlflow==2.2.1
2023-03-04 21:20:08,737:INFO:Checking Exceptions
2023-03-04 21:20:08,737:INFO:Declaring global variables
2023-03-04 21:20:08,738:INFO:USI: 91d0
2023-03-04 21:20:08,738:INFO:pycaret_globals: {'fold_generator', 'X_test', 'log_plots_param', 'pycaret_globals', 'n_jobs_param', 'X', 'create_model_container', 'fix_imbalance_param', 'iterative_imputation_iters_param', 'logging_param', '_internal_pipeline', 'USI', 'seed', 'exp_name_log', 'fold_groups_param', 'html_param', '_ml_usecase', 'target_param', 'fold_shuffle_param', 'stratify_param', '_gpu_n_jobs_param', 'fold_groups_param_full', 'imputation_classifier', '_all_models_internal', 'gpu_param', 'experiment__', 'dashboard_logger', '_all_models', 'X_train', 'imputation_regressor', 'prep_pipe', '_available_plots', 'data_before_preprocess', 'fold_param', 'y_test', 'y', 'fix_imbalance_method_param', 'transform_target_param', 'y_train', 'master_model_container', 'transform_target_method_param', 'display_container', '_all_metrics'}
2023-03-04 21:20:08,738:INFO:Preparing display monitor
2023-03-04 21:20:08,738:INFO:Preparing display monitor
2023-03-04 21:20:08,755:INFO:Importing libraries
2023-03-04 21:20:08,756:INFO:Copying data for preprocessing
2023-03-04 21:20:08,891:INFO:Declaring preprocessing parameters
2023-03-04 21:20:09,078:INFO:Creating preprocessing pipeline
2023-03-04 21:20:11,710:INFO:Preprocessing pipeline created successfully
2023-03-04 21:20:11,710:ERROR:(Process Exit): setup has been interupted with user command 'quit'. setup must rerun.
2023-03-04 21:20:11,710:INFO:Creating global containers
2023-03-04 21:20:11,711:INFO:Internal pipeline: Pipeline(memory=None, steps=[('empty_step', 'passthrough')], verbose=False)
2023-03-04 21:20:56,556:WARNING:Couldn't import xgboost.XGBRegressor
2023-03-04 21:20:56,556:WARNING:Couldn't import catboost.CatBoostRegressor
2023-03-04 21:20:56,654:WARNING:Couldn't import xgboost.XGBRegressor
2023-03-04 21:20:56,655:WARNING:Couldn't import catboost.CatBoostRegressor
2023-03-04 21:20:56,655:INFO:Creating grid variables
2023-03-04 21:20:56,711:INFO:create_model_container: 0
2023-03-04 21:20:56,711:INFO:master_model_container: 0
2023-03-04 21:20:56,712:INFO:display_container: 1
2023-03-04 21:20:56,716:INFO:Pipeline(memory=None,
         steps=[('dtypes',
                 DataTypes_Auto_infer(categorical_features=[],
                                      display_types=True, features_todrop=[],
                                      id_columns=[], ml_usecase='regression',
                                      numerical_features=[], target='synargi',
                                      time_features=[])),
                ('imputer',
                 Simple_Imputer(categorical_strategy='not_available',
                                fill_value_categorical=None,
                                fill_value_numerical=None,
                                numeric_strategy...
                ('scaling', 'passthrough'), ('P_transform', 'passthrough'),
                ('binn', 'passthrough'), ('rem_outliers', 'passthrough'),
                ('cluster_all', 'passthrough'),
                ('dummy', Dummify(target='synargi')),
                ('fix_perfect', Remove_100(target='synargi')),
                ('clean_names', Clean_Colum_Names()),
                ('feature_select', 'passthrough'), ('fix_multi', 'passthrough'),
                ('dfs', 'passthrough'), ('pca', 'passthrough')],
         verbose=False)
2023-03-04 21:20:56,716:INFO:setup() succesfully completed......................................
2023-03-04 21:20:56,924:INFO:Initializing compare_models()
2023-03-04 21:20:56,925:INFO:compare_models(include=['lightgbm'], fold=None, round=4, cross_validation=True, sort=R2, n_select=1, budget_time=None, turbo=True, errors=ignore, fit_kwargs=None, groups=None, experiment_custom_tags=None, probability_threshold=None, verbose=True, display=None, exclude=None)
2023-03-04 21:20:56,925:INFO:Checking exceptions
2023-03-04 21:20:56,925:INFO:Preparing display monitor
2023-03-04 21:20:56,925:INFO:Preparing display monitor
2023-03-04 21:20:56,945:INFO:Initializing Light Gradient Boosting Machine
2023-03-04 21:20:56,945:INFO:Total runtime is 2.976258595784505e-06 minutes
2023-03-04 21:20:56,953:INFO:SubProcess create_model() called ==================================
2023-03-04 21:20:56,953:INFO:Initializing create_model()
2023-03-04 21:20:56,953:INFO:create_model(estimator=lightgbm, fold=KFold(n_splits=10, random_state=None, shuffle=False), round=4, cross_validation=True, predict=True, fit_kwargs={}, groups=None, refit=False, verbose=False, system=False, metrics=None, experiment_custom_tags=None, add_to_model_list=True, probability_threshold=None, display=<pycaret.internal.Display.Display object at 0x2aaca130e3a0>, return_train_score=False, kwargs={})
2023-03-04 21:20:56,953:INFO:Checking exceptions
2023-03-04 21:20:56,953:INFO:Importing libraries
2023-03-04 21:20:56,953:INFO:Copying training dataset
2023-03-04 21:20:57,105:INFO:Defining folds
2023-03-04 21:20:57,106:INFO:Declaring metric variables
2023-03-04 21:20:57,113:INFO:Importing untrained model
2023-03-04 21:20:57,120:INFO:Light Gradient Boosting Machine Imported succesfully
2023-03-04 21:20:57,133:INFO:Starting cross validation
2023-03-04 21:20:57,247:INFO:Cross validating with KFold(n_splits=10, random_state=None, shuffle=False), n_jobs=-1
2023-03-04 21:21:52,204:INFO:Calculating mean and std
2023-03-04 21:21:52,207:INFO:Creating metrics dataframe
2023-03-04 21:21:52,218:INFO:Uploading results into container
2023-03-04 21:21:52,218:INFO:Uploading model into container now
2023-03-04 21:21:52,219:INFO:create_model_container: 1
2023-03-04 21:21:52,219:INFO:master_model_container: 1
2023-03-04 21:21:52,219:INFO:display_container: 2
2023-03-04 21:21:52,220:INFO:LGBMRegressor(boosting_type='gbdt', class_weight=None, colsample_bytree=1.0,
              importance_type='split', learning_rate=0.1, max_depth=-1,
              min_child_samples=20, min_child_weight=0.001, min_split_gain=0.0,
              n_estimators=100, n_jobs=-1, num_leaves=31, objective=None,
              random_state=2049, reg_alpha=0.0, reg_lambda=0.0, silent='warn',
              subsample=1.0, subsample_for_bin=200000, subsample_freq=0)
2023-03-04 21:21:52,220:INFO:create_model() succesfully completed......................................
2023-03-04 21:21:52,433:INFO:SubProcess create_model() end ==================================
2023-03-04 21:21:52,433:INFO:Creating metrics dataframe
2023-03-04 21:21:52,460:INFO:Initializing create_model()
2023-03-04 21:21:52,460:INFO:create_model(estimator=LGBMRegressor(boosting_type='gbdt', class_weight=None, colsample_bytree=1.0,
              importance_type='split', learning_rate=0.1, max_depth=-1,
              min_child_samples=20, min_child_weight=0.001, min_split_gain=0.0,
              n_estimators=100, n_jobs=-1, num_leaves=31, objective=None,
              random_state=2049, reg_alpha=0.0, reg_lambda=0.0, silent='warn',
              subsample=1.0, subsample_for_bin=200000, subsample_freq=0), fold=KFold(n_splits=10, random_state=None, shuffle=False), round=4, cross_validation=False, predict=False, fit_kwargs={}, groups=None, refit=True, verbose=False, system=False, metrics=None, experiment_custom_tags=None, add_to_model_list=True, probability_threshold=None, display=None, return_train_score=False, kwargs={})
2023-03-04 21:21:52,460:INFO:Checking exceptions
2023-03-04 21:21:52,460:INFO:Importing libraries
2023-03-04 21:21:52,460:INFO:Copying training dataset
2023-03-04 21:21:52,616:INFO:Defining folds
2023-03-04 21:21:52,617:INFO:Declaring metric variables
2023-03-04 21:21:52,617:INFO:Importing untrained model
2023-03-04 21:21:52,617:INFO:Declaring custom model
2023-03-04 21:21:52,617:INFO:Light Gradient Boosting Machine Imported succesfully
2023-03-04 21:21:52,618:INFO:Cross validation set to False
2023-03-04 21:21:52,618:INFO:Fitting Model
2023-03-04 21:21:55,336:INFO:LGBMRegressor(boosting_type='gbdt', class_weight=None, colsample_bytree=1.0,
              importance_type='split', learning_rate=0.1, max_depth=-1,
              min_child_samples=20, min_child_weight=0.001, min_split_gain=0.0,
              n_estimators=100, n_jobs=-1, num_leaves=31, objective=None,
              random_state=2049, reg_alpha=0.0, reg_lambda=0.0, silent='warn',
              subsample=1.0, subsample_for_bin=200000, subsample_freq=0)
2023-03-04 21:21:55,337:INFO:create_models() succesfully completed......................................
2023-03-04 21:21:55,524:INFO:create_model_container: 1
2023-03-04 21:21:55,524:INFO:master_model_container: 1
2023-03-04 21:21:55,525:INFO:display_container: 2
2023-03-04 21:21:55,525:INFO:LGBMRegressor(boosting_type='gbdt', class_weight=None, colsample_bytree=1.0,
              importance_type='split', learning_rate=0.1, max_depth=-1,
              min_child_samples=20, min_child_weight=0.001, min_split_gain=0.0,
              n_estimators=100, n_jobs=-1, num_leaves=31, objective=None,
              random_state=2049, reg_alpha=0.0, reg_lambda=0.0, silent='warn',
              subsample=1.0, subsample_for_bin=200000, subsample_freq=0)
2023-03-04 21:21:55,525:INFO:compare_models() succesfully completed......................................
